主题：MP3 和 VCD 播放器的源代码.这个例子供面向对象编程参考.(二) 
Error in line 93: Unrecognized command verb.
发信人: coolyylu(GoodDay)
Error in line 94: Unrecognized command verb.
整理人: hunter__fox <自由的风>
Error in line 95: Unrecognized command verb.
播放列表对象: 
Error in line 96: Unrecognized command verb.
主题：MP3 和 VCD 播放器的源代码.这个例子供面向对象编程参考.(三) 
Error in line 357: Unrecognized command verb.
发信人: coolyylu(GoodDay)
Error in line 358: Unrecognized command verb.
整理人: hunter__fox   <自由的风>
Error in line 359: Unrecognized command verb.
控制面板: 
Error in line 360: Unrecognized command verb.
主题：MP3 和 VCD 播放器的源代码.这个例子供面向对象编程参考(四) 
Error in line 507: Unrecognized command verb.
发信人: coolyylu(GoodDay)
Error in line 508: Unrecognized command verb.
整理人: hunter__fox    <自由的风> 
Error in line 509: Unrecognized command verb.
